[2015-06-05 11:35:05.614] [WARN] console - Path names of all connected Specks:
[2015-06-05 11:35:05.618] [ERROR] speck-gateway - Path names of all connected Specks:
[2015-06-05 11:35:05.619] [WARN] console -    0003:0010:00
[2015-06-05 11:35:05.619] [ERROR] speck-gateway -    0003:0010:00
[2015-06-05 11:35:05.619] [WARN] console - Connecting to the first Speck found...
[2015-06-05 11:35:05.619] [ERROR] speck-gateway - Connecting to the first Speck found...
[2015-06-05 11:35:05.624] [WARN] console - Failed to connect to a Speck.  Will retry in 1 minute.
[2015-06-05 11:35:05.624] [ERROR] speck-gateway - Failed to connect to a Speck.  Will retry in 1 minute.
[2015-06-05 11:35:41.653] [WARN] console - Path names of all connected Specks:
[2015-06-05 11:35:41.658] [ERROR] speck-gateway - Path names of all connected Specks:
[2015-06-05 11:35:41.658] [WARN] console -    0003:0010:00
[2015-06-05 11:35:41.659] [ERROR] speck-gateway -    0003:0010:00
[2015-06-05 11:35:41.659] [WARN] console - Connecting to the first Speck found...
[2015-06-05 11:35:41.659] [ERROR] speck-gateway - Connecting to the first Speck found...
[2015-06-05 11:35:41.663] [WARN] console - Failed to connect to a Speck.  Will retry in 1 minute.
[2015-06-05 11:35:41.663] [ERROR] speck-gateway - Failed to connect to a Speck.  Will retry in 1 minute.
[2015-06-05 11:36:41.665] [WARN] console - Path names of all connected Specks:
[2015-06-05 11:36:41.666] [ERROR] speck-gateway - Path names of all connected Specks:
[2015-06-05 11:36:41.666] [WARN] console -    0003:0010:00
[2015-06-05 11:36:41.666] [ERROR] speck-gateway -    0003:0010:00
[2015-06-05 11:36:41.666] [WARN] console - Connecting to the first Speck found...
[2015-06-05 11:36:41.666] [ERROR] speck-gateway - Connecting to the first Speck found...
[2015-06-05 11:36:41.668] [WARN] console - Failed to connect to a Speck.  Will retry in 1 minute.
[2015-06-05 11:36:41.668] [ERROR] speck-gateway - Failed to connect to a Speck.  Will retry in 1 minute.
[2015-06-05 11:37:41.727] [WARN] console - Path names of all connected Specks:
[2015-06-05 11:37:41.727] [ERROR] speck-gateway - Path names of all connected Specks:
[2015-06-05 11:37:41.728] [WARN] console -    0003:0010:00
[2015-06-05 11:37:41.728] [ERROR] speck-gateway -    0003:0010:00
[2015-06-05 11:37:41.728] [WARN] console - Connecting to the first Speck found...
[2015-06-05 11:37:41.733] [ERROR] speck-gateway - Connecting to the first Speck found...
[2015-06-05 11:37:41.735] [WARN] console - Failed to connect to a Speck.  Will retry in 1 minute.
[2015-06-05 11:37:41.735] [ERROR] speck-gateway - Failed to connect to a Speck.  Will retry in 1 minute.
[2015-06-05 11:38:41.794] [WARN] console - Path names of all connected Specks:
[2015-06-05 11:38:41.795] [ERROR] speck-gateway - Path names of all connected Specks:
[2015-06-05 11:38:41.796] [WARN] console -    0003:0010:00
[2015-06-05 11:38:41.796] [ERROR] speck-gateway -    0003:0010:00
[2015-06-05 11:38:41.796] [WARN] console - Connecting to the first Speck found...
[2015-06-05 11:38:41.797] [ERROR] speck-gateway - Connecting to the first Speck found...
[2015-06-05 11:38:41.801] [WARN] console - Failed to connect to a Speck.  Will retry in 1 minute.
[2015-06-05 11:38:41.801] [ERROR] speck-gateway - Failed to connect to a Speck.  Will retry in 1 minute.
[2015-06-05 12:26:47.287] [WARN] console - Path names of all connected Specks:
[2015-06-05 12:26:47.292] [ERROR] speck-gateway - Path names of all connected Specks:
[2015-06-05 12:26:47.292] [WARN] console -    0003:0010:00
[2015-06-05 12:26:47.292] [ERROR] speck-gateway -    0003:0010:00
[2015-06-05 12:26:47.293] [WARN] console - Connecting to the first Speck found...
[2015-06-05 12:26:47.293] [ERROR] speck-gateway - Connecting to the first Speck found...
[2015-06-05 12:26:47.297] [WARN] console - Failed to connect to a Speck.  Will retry in 1 minute.
[2015-06-05 12:26:47.297] [ERROR] speck-gateway - Failed to connect to a Speck.  Will retry in 1 minute.
[2015-06-05 12:27:47.300] [WARN] console - Path names of all connected Specks:
[2015-06-05 12:27:47.300] [ERROR] speck-gateway - Path names of all connected Specks:
[2015-06-05 12:27:47.300] [WARN] console -    0003:0010:00
[2015-06-05 12:27:47.301] [ERROR] speck-gateway -    0003:0010:00
[2015-06-05 12:27:47.301] [WARN] console - Connecting to the first Speck found...
[2015-06-05 12:27:47.301] [ERROR] speck-gateway - Connecting to the first Speck found...
[2015-06-05 12:27:47.303] [WARN] console - Failed to connect to a Speck.  Will retry in 1 minute.
[2015-06-05 12:27:47.303] [ERROR] speck-gateway - Failed to connect to a Speck.  Will retry in 1 minute.
[2015-06-05 12:28:47.363] [WARN] console - Path names of all connected Specks:
[2015-06-05 12:28:47.364] [ERROR] speck-gateway - Path names of all connected Specks:
[2015-06-05 12:28:47.364] [WARN] console -    0003:0010:00
[2015-06-05 12:28:47.364] [ERROR] speck-gateway -    0003:0010:00
[2015-06-05 12:28:47.365] [WARN] console - Connecting to the first Speck found...
[2015-06-05 12:28:47.369] [ERROR] speck-gateway - Connecting to the first Speck found...
[2015-06-05 12:28:47.372] [WARN] console - Failed to connect to a Speck.  Will retry in 1 minute.
[2015-06-05 12:28:47.372] [ERROR] speck-gateway - Failed to connect to a Speck.  Will retry in 1 minute.
[2015-06-05 12:29:47.429] [WARN] console - No Specks found!
[2015-06-05 12:29:47.430] [ERROR] speck-gateway - No Specks found!
[2015-06-05 12:29:47.431] [WARN] console - Failed to connect to a Speck.  Will retry in 1 minute.
[2015-06-05 12:29:47.431] [ERROR] speck-gateway - Failed to connect to a Speck.  Will retry in 1 minute.
[2015-06-05 12:30:47.486] [WARN] console - No Specks found!
[2015-06-05 12:30:47.488] [ERROR] speck-gateway - No Specks found!
[2015-06-05 12:30:47.489] [WARN] console - Failed to connect to a Speck.  Will retry in 1 minute.
[2015-06-05 12:30:47.490] [ERROR] speck-gateway - Failed to connect to a Speck.  Will retry in 1 minute.
